Removed Pin From Net: NetName=+3V3 Pin=C1-1
Removed Pin From Net: NetName=GND Pin=C1-2
Removed Pin From Net: NetName=RESET Pin=C2-2
Removed Pin From Net: NetName=VUBUS Pin=D1-2
Removed Pin From Net: NetName=5V Pin=D2-1
Removed Pin From Net: NetName=5V Pin=DS1-2
Removed Pin From Net: NetName=USB_DN Pin=J1-2
Removed Pin From Net: NetName=USB_DP Pin=J1-3
Removed Pin From Net: NetName=GND Pin=J1-5
Removed Pin From Net: NetName=GND Pin=J1-6
Removed Pin From Net: NetName=GND Pin=J1-7
Removed Pin From Net: NetName=GND Pin=J1-8
Removed Pin From Net: NetName=GND Pin=J1-9
Removed Pin From Net: NetName=GND Pin=J1-10
Removed Pin From Net: NetName=GND Pin=J1-11
Removed Member From Class: ClassName=Uart Member=C1
Removed Member From Class: ClassName=Uart Member=C2
Removed Member From Class: ClassName=USB_port Member=D1
Removed Member From Class: ClassName=Uart Member=D2
Removed Member From Class: ClassName=Uart Member=DS1
Removed Member From Class: ClassName=USB_port Member=J1
Removed Member From Class: ClassName=Uart Member=R1
Removed Member From Class: ClassName=Uart Member=R2
Change Component Designator: OldDesignator=C3 NewDesignator=C302
Change Component Designator: OldDesignator=C4 NewDesignator=C300
Change Component Designator: OldDesignator=C5 NewDesignator=C301
Change Component Designator: OldDesignator=C6 NewDesignator=C400
Change Component Designator: OldDesignator=C7 NewDesignator=C401
Change Component Designator: OldDesignator=C8 NewDesignator=C402
Change Component Designator: OldDesignator=C9 NewDesignator=C403
Change Component Designator: OldDesignator=R3 NewDesignator=R300
Change Component Designator: OldDesignator=R4 NewDesignator=R400
Change Component Designator: OldDesignator=R5 NewDesignator=R401
Change Component Designator: OldDesignator=R6 NewDesignator=R402
Change Component Designator: OldDesignator=R7 NewDesignator=R403
Change Component Designator: OldDesignator=TB? NewDesignator=TB500
Change Component Designator: OldDesignator=TP1 NewDesignator=TP100
Change Component Designator: OldDesignator=TP2 NewDesignator=TP101
Change Component Designator: OldDesignator=U1 NewDesignator=U200
Added Component: Designator=C?(CAPC1005X55N)
Add component (AddParameter): Name = "ComponentLink1Description"; Value = "Datasheet"; VariantName = "[No Variations]"
Add component (AddParameter): Name = "ComponentLink2Description"; Value = "Supplier Part Details"; VariantName = "[No Variations]"
Add component (AddParameter): Name = "ComponentLink2URL"; Value = "https://www.digikey.com/products/en?keywords=C0603C104K5RECAUTO"; VariantName = "[No Variations]"
Add component (AddParameter): Name = "Created By"; Value = "randy"; VariantName = "[No Variations]"
Add component (AddParameter): Name = "Created_Date"; Value = "2024-03-31 22:55:42"; VariantName = "[No Variations]"
Add component (AddParameter): Name = "Dielectric"; Value = "X7R"; VariantName = "[No Variations]"
Add component (AddParameter): Name = "ID"; Value = "30041"; VariantName = "[No Variations]"
Add component (AddParameter): Name = "Manufacturer"; Value = "KEMET"; VariantName = "[No Variations]"
Add component (AddParameter): Name = "Manufacturer Part Description"; Value = "CAP CER 0.1uF ±10% 50V X7R 0603 (1608 Metric)"; VariantName = "[No Variations]"
Add component (AddParameter): Name = "Manufacturer Part Number"; Value = "C0603C104K5RECAUTO"; VariantName = "[No Variations]"
Add component (AddParameter): Name = "Package_Case"; Value = "0603 (1608 Metric)"; VariantName = "[No Variations]"
Add component (AddParameter): Name = "Part_Status"; Value = "New"; VariantName = "[No Variations]"
Add component (AddParameter): Name = "Part_Type"; Value = "Capacitor"; VariantName = "[No Variations]"
Add component (AddParameter): Name = "RoHS"; Value = "Yes"; VariantName = "[No Variations]"
Add component (AddParameter): Name = "Size / Dimension"; Value = "0.063in L x 0.031in W (1.60mm x 0.80mm)"; VariantName = "[No Variations]"
Add component (AddParameter): Name = "Sorted_Value"; Value = "1E-7"; VariantName = "[No Variations]"
Add component (AddParameter): Name = "Sub_Type"; Value = "CER"; VariantName = "[No Variations]"
Add component (AddParameter): Name = "Supplier 1"; Value = "DigiKey"; VariantName = "[No Variations]"
Add component (AddParameter): Name = "Supplier Part Number 1"; Value = "399-14105-2-ND"; VariantName = "[No Variations]"
Add component (AddParameter): Name = "Symbol Ref"; Value = "CAP_NOPOL"; VariantName = "[No Variations]"
Add component (AddParameter): Name = "Temperature Range"; Value = "-55C to +125C"; VariantName = "[No Variations]"
Add component (AddParameter): Name = "Tolerance"; Value = "±10%"; VariantName = "[No Variations]"
Add component (AddParameter): Name = "Updated By"; Value = "randy"; VariantName = "[No Variations]"
Add component (AddParameter): Name = "Updated_Date"; Value = "2024-03-31 22:57:36"; VariantName = "[No Variations]"
Add component (AddParameter): Name = "Value"; Value = "0.1uF"; VariantName = "[No Variations]"
Add component (AddParameter): Name = "Voltage_Rating"; Value = "50V"; VariantName = "[No Variations]"
Added Component: Designator=C?(CAPC1005X55N)
Add component (AddParameter): Name = "ComponentLink1Description"; Value = "Datasheet"; VariantName = "[No Variations]"
Add component (AddParameter): Name = "ComponentLink2Description"; Value = "Supplier Part Details"; VariantName = "[No Variations]"
Add component (AddParameter): Name = "ComponentLink2URL"; Value = "https://www.digikey.com/products/en?keywords=C0603C104K5RECAUTO"; VariantName = "[No Variations]"
Add component (AddParameter): Name = "Created By"; Value = "randy"; VariantName = "[No Variations]"
Add component (AddParameter): Name = "Created_Date"; Value = "2024-03-31 22:55:42"; VariantName = "[No Variations]"
Add component (AddParameter): Name = "Dielectric"; Value = "X7R"; VariantName = "[No Variations]"
Add component (AddParameter): Name = "ID"; Value = "30041"; VariantName = "[No Variations]"
Add component (AddParameter): Name = "Manufacturer"; Value = "KEMET"; VariantName = "[No Variations]"
Add component (AddParameter): Name = "Manufacturer Part Description"; Value = "CAP CER 0.1uF ±10% 50V X7R 0603 (1608 Metric)"; VariantName = "[No Variations]"
Add component (AddParameter): Name = "Manufacturer Part Number"; Value = "C0603C104K5RECAUTO"; VariantName = "[No Variations]"
Add component (AddParameter): Name = "Package_Case"; Value = "0603 (1608 Metric)"; VariantName = "[No Variations]"
Add component (AddParameter): Name = "Part_Status"; Value = "New"; VariantName = "[No Variations]"
Add component (AddParameter): Name = "Part_Type"; Value = "Capacitor"; VariantName = "[No Variations]"
Add component (AddParameter): Name = "RoHS"; Value = "Yes"; VariantName = "[No Variations]"
Add component (AddParameter): Name = "Size / Dimension"; Value = "0.063in L x 0.031in W (1.60mm x 0.80mm)"; VariantName = "[No Variations]"
Add component (AddParameter): Name = "Sorted_Value"; Value = "1E-7"; VariantName = "[No Variations]"
Add component (AddParameter): Name = "Sub_Type"; Value = "CER"; VariantName = "[No Variations]"
Add component (AddParameter): Name = "Supplier 1"; Value = "DigiKey"; VariantName = "[No Variations]"
Add component (AddParameter): Name = "Supplier Part Number 1"; Value = "399-14105-2-ND"; VariantName = "[No Variations]"
Add component (AddParameter): Name = "Symbol Ref"; Value = "CAP_NOPOL"; VariantName = "[No Variations]"
Add component (AddParameter): Name = "Temperature Range"; Value = "-55C to +125C"; VariantName = "[No Variations]"
Add component (AddParameter): Name = "Tolerance"; Value = "±10%"; VariantName = "[No Variations]"
Add component (AddParameter): Name = "Updated By"; Value = "randy"; VariantName = "[No Variations]"
Add component (AddParameter): Name = "Updated_Date"; Value = "2024-03-31 22:57:36"; VariantName = "[No Variations]"
Add component (AddParameter): Name = "Value"; Value = "0.1uF"; VariantName = "[No Variations]"
Add component (AddParameter): Name = "Voltage_Rating"; Value = "50V"; VariantName = "[No Variations]"
Added Component: Designator=D200(KPT2012SURCK)
Add component (AddParameter): Name = "COLOR"; Value = "RED"; VariantName = "[No Variations]"
Add component (AddParameter): Name = "Datasheet Link"; Value = "http://www.kingbright.com/attachments/file/psearch/000/00/20160808bak/KPT-2012SURCK(Ver.20A).pdf"; VariantName = "[No Variations]"
Add component (AddParameter): Name = "Farnell Part Number"; Value = ""; VariantName = "[No Variations]"
Add component (AddParameter): Name = "Farnell Price/Stock"; Value = ""; VariantName = "[No Variations]"
Add component (AddParameter): Name = "Geometry.Height"; Value = "0.85mm"; VariantName = "[No Variations]"
Add component (AddParameter): Name = "Manufacturer_Name"; Value = "Kingbright"; VariantName = "[No Variations]"
Add component (AddParameter): Name = "Manufacturer_Part_Number"; Value = "KPT-2012SURCK"; VariantName = "[No Variations]"
Added Component: Designator=D201(LEDM2012X120N)
Add component (AddParameter): Name = "COLOR"; Value = "GREEN"; VariantName = "[No Variations]"
Add component (AddParameter): Name = "Datasheet Link"; Value = "https://componentsearchengine.com/Datasheets/2/KPT-2012SGC.pdf"; VariantName = "[No Variations]"
Add component (AddParameter): Name = "Farnell Part Number"; Value = ""; VariantName = "[No Variations]"
Add component (AddParameter): Name = "Farnell Price/Stock"; Value = ""; VariantName = "[No Variations]"
Add component (AddParameter): Name = "Geometry.Height"; Value = "1.2mm"; VariantName = "[No Variations]"
Add component (AddParameter): Name = "Manufacturer_Name"; Value = "Kingbright"; VariantName = "[No Variations]"
Add component (AddParameter): Name = "Manufacturer_Part_Number"; Value = "KPT-2012SGC"; VariantName = "[No Variations]"
Added Component: Designator=D300(FP-95400-MFG)
Add component (AddParameter): Name = "Automotive"; Value = "No"; VariantName = "[No Variations]"
Add component (AddParameter): Name = "Category"; Value = "Diode"; VariantName = "[No Variations]"
Add component (AddParameter): Name = "ComponentLink2Description"; Value = "Datasheet"; VariantName = "[No Variations]"
Add component (AddParameter): Name = "ComponentLink2URL"; Value = "http://www.vishay.com/docs/88746/ss12.pdf"; VariantName = "[No Variations]"
Add component (AddParameter): Name = "Device Class L1"; Value = "Discrete Semiconductors"; VariantName = "[No Variations]"
Add component (AddParameter): Name = "Device Class L2"; Value = "Diodes"; VariantName = "[No Variations]"
Add component (AddParameter): Name = "Device Class L3"; Value = "Schottky Diodes"; VariantName = "[No Variations]"
Add component (AddParameter): Name = "Digikey Description"; Value = "DIODE SCHOTTKY 40V 1A DO214AC"; VariantName = "[No Variations]"
Add component (AddParameter): Name = "Footprint Url"; Value = "http://www.vishay.com/docs/95400/sma.pdf"; VariantName = "[No Variations]"
Add component (AddParameter): Name = "Forward Current"; Value = "1A"; VariantName = "[No Variations]"
Add component (AddParameter): Name = "Height"; Value = "2.29mm"; VariantName = "[No Variations]"
Add component (AddParameter): Name = "Lead Free"; Value = "Yes"; VariantName = "[No Variations]"
Add component (AddParameter): Name = "Manufacturer"; Value = "Vishay"; VariantName = "[No Variations]"
Add component (AddParameter): Name = "Manufacturer Part Number"; Value = "SS14-E3/61T"; VariantName = "[No Variations]"
Add component (AddParameter): Name = "Max Junction Temp"; Value = "+150°C"; VariantName = "[No Variations]"
Add component (AddParameter): Name = "Max Repetitive Reverse Voltage"; Value = "40V"; VariantName = "[No Variations]"
Add component (AddParameter): Name = "Max Surge Forward Current"; Value = "40A"; VariantName = "[No Variations]"
Add component (AddParameter): Name = "Mouser Description"; Value = "SS14 Series 40 V 1 A Surface Mount Schottky Barrier Rectifier - DO-214AC (SMA)"; VariantName = "[No Variations]"
Add component (AddParameter): Name = "Octopart"; Value = "https://octopart.com/ss14-e3%2F61t-vishay-39552847"; VariantName = "[No Variations]"
Add component (AddParameter): Name = "Package"; Value = "95400"; VariantName = "[No Variations]"
Add component (AddParameter): Name = "Peak Reverse Current"; Value = "0.2mA"; VariantName = "[No Variations]"
Add component (AddParameter): Name = "RoHS"; Value = "TRUE"; VariantName = "[No Variations]"
Add component (AddParameter): Name = "Standoff Height"; Value = "0mm"; VariantName = "[No Variations]"
Add component (AddParameter): Name = "Temperature"; Value = "-65°C to +150°C"; VariantName = "[No Variations]"
Add component (AddParameter): Name = "Temperature Range High"; Value = "+150°C"; VariantName = "[No Variations]"
Add component (AddParameter): Name = "Temperature Range Low"; Value = "-65°C"; VariantName = "[No Variations]"
Added Component: Designator=D301(FP-6_541-5056_01-4-MFG)
Add component (AddParameter): Name = "Ambient Temperature Range High"; Value = "+100°C"; VariantName = "[No Variations]"
Add component (AddParameter): Name = "Ambient Temperature Range Low"; Value = "-40°C"; VariantName = "[No Variations]"
Add component (AddParameter): Name = "Automotive"; Value = "Yes"; VariantName = "[No Variations]"
Add component (AddParameter): Name = "Automotive Grade"; Value = "Grade 3"; VariantName = "[No Variations]"
Add component (AddParameter): Name = "Category"; Value = "Diode"; VariantName = "[No Variations]"
Add component (AddParameter): Name = "Colour"; Value = "Pure green"; VariantName = "[No Variations]"
Add component (AddParameter): Name = "ComponentLink2Description"; Value = "Datasheet"; VariantName = "[No Variations]"
Add component (AddParameter): Name = "ComponentLink2URL"; Value = "http://www.vishay.com/docs/83173/tlmb1100.pdf"; VariantName = "[No Variations]"
Add component (AddParameter): Name = "Device Class L1"; Value = "Optoelectronics"; VariantName = "[No Variations]"
Add component (AddParameter): Name = "Device Class L2"; Value = "LEDs"; VariantName = "[No Variations]"
Add component (AddParameter): Name = "Device Class L3"; Value = "unset"; VariantName = "[No Variations]"
Add component (AddParameter): Name = "Digikey Description"; Value = "LED GREEN 0603 SMD"; VariantName = "[No Variations]"
Add component (AddParameter): Name = "Forward Current"; Value = "20mA"; VariantName = "[No Variations]"
Add component (AddParameter): Name = "Forward Voltage"; Value = "2.1V"; VariantName = "[No Variations]"
Add component (AddParameter): Name = "Height"; Value = "0.65mm"; VariantName = "[No Variations]"
Add component (AddParameter): Name = "Lead Free"; Value = "Yes"; VariantName = "[No Variations]"
Add component (AddParameter): Name = "Led Orientation"; Value = "Top View"; VariantName = "[No Variations]"
Add component (AddParameter): Name = "Luminous Intensity"; Value = "15mcd"; VariantName = "[No Variations]"
Add component (AddParameter): Name = "Manufacturer"; Value = "Vishay"; VariantName = "[No Variations]"
Add component (AddParameter): Name = "Manufacturer Part Number"; Value = "TLMP1100-GS08"; VariantName = "[No Variations]"
Add component (AddParameter): Name = "Max Junction Temp"; Value = "+120°C"; VariantName = "[No Variations]"
Add component (AddParameter): Name = "Mouser Description"; Value = "Standard LEDs - SMD Pure Green"; VariantName = "[No Variations]"
Add component (AddParameter): Name = "Octopart"; Value = "https://octopart.com/tlmp1100-gs08-vishay-55433993"; VariantName = "[No Variations]"
Add component (AddParameter): Name = "Package"; Value = "6.541-5056.01-4"; VariantName = "[No Variations]"
Add component (AddParameter): Name = "Peak Emmision Wavelength"; Value = "562nm"; VariantName = "[No Variations]"
Add component (AddParameter): Name = "Power Dissipation"; Value = "90mW"; VariantName = "[No Variations]"
Add component (AddParameter): Name = "Reverse Voltage"; Value = "6V"; VariantName = "[No Variations]"
Add component (AddParameter): Name = "RoHS"; Value = "TRUE"; VariantName = "[No Variations]"
Add component (AddParameter): Name = "Temperature"; Value = "to +120°C"; VariantName = "[No Variations]"
Add component (AddParameter): Name = "Temperature Range High"; Value = "+120°C"; VariantName = "[No Variations]"
Add component (AddParameter): Name = "Viewing Angle"; Value = "160°"; VariantName = "[No Variations]"
Add component (AddParameter): Name = "Wavelength"; Value = "561nm"; VariantName = "[No Variations]"
Added Component: Designator=D400(LEDC2012X75N)
Add component (AddParameter): Name = "Datasheet Link"; Value = "https://componentsearchengine.com/Datasheets/2/KPT-2012YC.pdf"; VariantName = "[No Variations]"
Add component (AddParameter): Name = "Geometry.Height"; Value = "0.75mm"; VariantName = "[No Variations]"
Add component (AddParameter): Name = "Manufacturer_Name"; Value = "Kingbright"; VariantName = "[No Variations]"
Add component (AddParameter): Name = "Manufacturer_Part_Number"; Value = "KPT-2012YC"; VariantName = "[No Variations]"
Add component (AddParameter): Name = "Newark Part Number"; Value = ""; VariantName = "[No Variations]"
Add component (AddParameter): Name = "Newark Price/Stock"; Value = ""; VariantName = "[No Variations]"
Added Component: Designator=DS400(VISH-TLMY1000_V)
Add component (AddParameter): Name = "Automotive Qualification Standard"; Value = "AEC-Q100"; VariantName = "[No Variations]"
Add component (AddParameter): Name = "Bulb Size"; Value = "1.6mmx0.8mm"; VariantName = "[No Variations]"
Add component (AddParameter): Name = "Datasheet URL"; Value = "http://www.vishay.com/docs/83172/tlmo1000.pdf"; VariantName = "[No Variations]"
Add component (AddParameter): Name = "Datasheet Version"; Value = "Rev. 2.0, 09/2013"; VariantName = "[No Variations]"
Add component (AddParameter): Name = "Forward Current If"; Value = "2mA"; VariantName = "[No Variations]"
Add component (AddParameter): Name = "Forward Voltage"; Value = "1.8V"; VariantName = "[No Variations]"
Add component (AddParameter): Name = "LED Colour"; Value = "Yellow"; VariantName = "[No Variations]"
Add component (AddParameter): Name = "LED Mounting"; Value = "SMD"; VariantName = "[No Variations]"
Add component (AddParameter): Name = "Lens Shape"; Value = "Rectangular"; VariantName = "[No Variations]"
Add component (AddParameter): Name = "Luminous Intensity"; Value = "7.5mcd"; VariantName = "[No Variations]"
Add component (AddParameter): Name = "Manufacturer"; Value = "Vishay"; VariantName = "[No Variations]"
Add component (AddParameter): Name = "Manufacturer URL"; Value = "http://www.vishay.com/"; VariantName = "[No Variations]"
Add component (AddParameter): Name = "Mounting Technology"; Value = "SurfaceMount"; VariantName = "[No Variations]"
Add component (AddParameter): Name = "MSL"; Value = "MSL2-1year"; VariantName = "[No Variations]"
Add component (AddParameter): Name = "Package Description"; Value = "2-Pin Surface Mount Device, Body 1.6 x 0.8 mm"; VariantName = "[No Variations]"
Add component (AddParameter): Name = "Package Reference"; Value = "TLMY1000"; VariantName = "[No Variations]"
Add component (AddParameter): Name = "Packaging"; Value = "CutTape"; VariantName = "[No Variations]"
Add component (AddParameter): Name = "Product Range"; Value = "-"; VariantName = "[No Variations]"
Add component (AddParameter): Name = "SVHC"; Value = "ToBeAdvised"; VariantName = "[No Variations]"
Add component (AddParameter): Name = "Viewing Angle"; Value = "80°"; VariantName = "[No Variations]"
Add component (AddParameter): Name = "Wavelength Typ"; Value = "595nm"; VariantName = "[No Variations]"
Added Component: Designator=F100(FP-MF-FSMF-MFG)
Add component (AddParameter): Name = "Ambient Temperature Range High"; Value = "+85°C"; VariantName = "[No Variations]"
Add component (AddParameter): Name = "Ambient Temperature Range Low"; Value = "-40°C"; VariantName = "[No Variations]"
Add component (AddParameter): Name = "Automotive"; Value = "No"; VariantName = "[No Variations]"
Add component (AddParameter): Name = "Category"; Value = "Fuse"; VariantName = "[No Variations]"
Add component (AddParameter): Name = "ComponentLink2Description"; Value = "Datasheet"; VariantName = "[No Variations]"
Add component (AddParameter): Name = "ComponentLink2URL"; Value = "https://www.bourns.com/docs/Product-Datasheets/mffsmf.pdf"; VariantName = "[No Variations]"
Add component (AddParameter): Name = "Current Rating"; Value = "40A"; VariantName = "[No Variations]"
Add component (AddParameter): Name = "Device Class L1"; Value = "Circuit Protection"; VariantName = "[No Variations]"
Add component (AddParameter): Name = "Device Class L2"; Value = "PTC Resettable Fuses"; VariantName = "[No Variations]"
Add component (AddParameter): Name = "Device Class L3"; Value = "unset"; VariantName = "[No Variations]"
Add component (AddParameter): Name = "Digikey Description"; Value = "PTC RESET FUSE 6V 500MA 0603"; VariantName = "[No Variations]"
Add component (AddParameter): Name = "Height"; Value = "1mm"; VariantName = "[No Variations]"
Add component (AddParameter): Name = "Hold Current"; Value = "0.5A"; VariantName = "[No Variations]"
Add component (AddParameter): Name = "Lead Free"; Value = "Yes"; VariantName = "[No Variations]"
Add component (AddParameter): Name = "Manufacturer"; Value = "Bourns Inc."; VariantName = "[No Variations]"
Add component (AddParameter): Name = "Manufacturer Part Number"; Value = "MF-FSMF050X-2"; VariantName = "[No Variations]"
Add component (AddParameter): Name = "Mouser Description"; Value = "Resettable Fuses - PPTC 6volts 40amps"; VariantName = "[No Variations]"
Add component (AddParameter): Name = "Octopart"; Value = "https://octopart.com/mf-fsmf050x-2-bourns-10470804"; VariantName = "[No Variations]"
Add component (AddParameter): Name = "Package"; Value = "MF-FSMF"; VariantName = "[No Variations]"
Add component (AddParameter): Name = "Resistance"; Value = "0.1-0.8O"; VariantName = "[No Variations]"
Add component (AddParameter): Name = "RoHS"; Value = "TRUE"; VariantName = "[No Variations]"
Add component (AddParameter): Name = "Temperature"; Value = "-40°C to +85°C"; VariantName = "[No Variations]"
Add component (AddParameter): Name = "Temperature Range High"; Value = "+85°C"; VariantName = "[No Variations]"
Add component (AddParameter): Name = "Temperature Range Low"; Value = "-40°C"; VariantName = "[No Variations]"
Add component (AddParameter): Name = "Trip Current"; Value = "1A"; VariantName = "[No Variations]"
Add component (AddParameter): Name = "Trip Time"; Value = "0.1s"; VariantName = "[No Variations]"
Add component (AddParameter): Name = "Value"; Value = "0.1-0.8O"; VariantName = "[No Variations]"
Add component (AddParameter): Name = "Voltage Rating"; Value = "6V"; VariantName = "[No Variations]"
Added Component: Designator=J100(TECO-1734035-2-5_V)
Add component (AddParameter): Name = "Body Orientation"; Value = "RightAngle"; VariantName = "[No Variations]"
Add component (AddParameter): Name = "Color"; Value = "Black"; VariantName = "[No Variations]"
Add component (AddParameter): Name = "Contact Material"; Value = "PhosphorBronze"; VariantName = "[No Variations]"
Add component (AddParameter): Name = "Contact Plating"; Value = "GoldOverNickel"; VariantName = "[No Variations]"
Add component (AddParameter): Name = "Datasheet URL"; Value = "https://datasheet.ciiva.com/11759/0900766b80ed62f8-11759638.pdf"; VariantName = "[No Variations]"
Add component (AddParameter): Name = "Datasheet Version"; Value = "Rev. B1, 07/2010"; VariantName = "[No Variations]"
Add component (AddParameter): Name = "Dimension"; Value = "4.14mm"; VariantName = "[No Variations]"
Add component (AddParameter): Name = "Gender"; Value = "RCP"; VariantName = "[No Variations]"
Add component (AddParameter): Name = "Housing Material"; Value = "Thermoplastic"; VariantName = "[No Variations]"
Add component (AddParameter): Name = "Manufacturer"; Value = "TE Connectivity"; VariantName = "[No Variations]"
Add component (AddParameter): Name = "Manufacturer URL"; Value = "http://www.te.com/"; VariantName = "[No Variations]"
Add component (AddParameter): Name = "Maximum Current Rating"; Value = "N/A"; VariantName = "[No Variations]"
Add component (AddParameter): Name = "Maximum Voltage Rating"; Value = "N/A"; VariantName = "[No Variations]"
Add component (AddParameter): Name = "Mounting"; Value = "SurfaceMount"; VariantName = "[No Variations]"
Add component (AddParameter): Name = "Number of Contacts"; Value = "5"; VariantName = "[No Variations]"
Add component (AddParameter): Name = "Number of Ports"; Value = "1"; VariantName = "[No Variations]"
Add component (AddParameter): Name = "Number of Terminals"; Value = "5"; VariantName = "[No Variations]"
Add component (AddParameter): Name = "Operating Temperature"; Value = "N/A"; VariantName = "[No Variations]"
Add component (AddParameter): Name = "Packaging"; Value = "TapeandReel"; VariantName = "[No Variations]"
Add component (AddParameter): Name = "Part No"; Value = "1734035-2"; VariantName = "[No Variations]"
Add component (AddParameter): Name = "Pitch"; Value = "0.8mm"; VariantName = "[No Variations]"
Add component (AddParameter): Name = "RoHS"; Value = "Yes"; VariantName = "[No Variations]"
Add component (AddParameter): Name = "Termination Method"; Value = "Solder"; VariantName = "[No Variations]"
Add component (AddParameter): Name = "Type"; Value = "USB"; VariantName = "[No Variations]"
Added Component: Designator=R200(BOUR-CAY16-J4_V)
Add component (AddParameter): Name = "Case Code (Imperial)"; Value = "0603"; VariantName = "[No Variations]"
Add component (AddParameter): Name = "Case Code (Metric)"; Value = "1608"; VariantName = "[No Variations]"
Add component (AddParameter): Name = "Case\Package"; Value = "0603"; VariantName = "[No Variations]"
Add component (AddParameter): Name = "ComponentLink1Description"; Value = "Manufacturer URL"; VariantName = "[No Variations]"
Add component (AddParameter): Name = "ComponentLink1URL"; Value = "http://www.bourns.com/"; VariantName = "[No Variations]"
Add component (AddParameter): Name = "ComponentLink2Description"; Value = "Datasheet"; VariantName = "[No Variations]"
Add component (AddParameter): Name = "ComponentLink2URL"; Value = "http://www.bourns.com/pdfs/CATCAY.pdf"; VariantName = "[No Variations]"
Add component (AddParameter): Name = "DatasheetVersion"; Value = "Sep-14"; VariantName = "[No Variations]"
Add component (AddParameter): Name = "Height"; Value = "0.45 mm"; VariantName = "[No Variations]"
Add component (AddParameter): Name = "Length"; Value = "1.6 mm"; VariantName = "[No Variations]"
Add component (AddParameter): Name = "Max Operating Temperature"; Value = "155 degC"; VariantName = "[No Variations]"
Add component (AddParameter): Name = "Min Operating Temperature"; Value = "-55 degC"; VariantName = "[No Variations]"
Add component (AddParameter): Name = "Mount"; Value = "Surface Mount"; VariantName = "[No Variations]"
Add component (AddParameter): Name = "Package Quantity"; Value = "5000"; VariantName = "[No Variations]"
Add component (AddParameter): Name = "PackageDescription"; Value = "8-Pin Surface Mount Device, Body 1.6 x 3.2 mm, Pitch 0.8 mm"; VariantName = "[No Variations]"
Add component (AddParameter): Name = "PackageReference"; Value = "CAY16-J4"; VariantName = "[No Variations]"
Add component (AddParameter): Name = "Packaging"; Value = "Tape and Reel"; VariantName = "[No Variations]"
Add component (AddParameter): Name = "Pins"; Value = "2"; VariantName = "[No Variations]"
Add component (AddParameter): Name = "Power Rating"; Value = "100 mW"; VariantName = "[No Variations]"
Add component (AddParameter): Name = "REACH SVHC"; Value = "No SVHC"; VariantName = "[No Variations]"
Add component (AddParameter): Name = "Resistance"; Value = "330 Ohm"; VariantName = "[No Variations]"
Add component (AddParameter): Name = "RoHSCompliant"; Value = "true"; VariantName = "[No Variations]"
Add component (AddParameter): Name = "Tolerance"; Value = "1%"; VariantName = "[No Variations]"
Add component (AddParameter): Name = "Voltage Rating"; Value = "50 V"; VariantName = "[No Variations]"
Add component (AddParameter): Name = "Voltage Rating (DC)"; Value = "50 V"; VariantName = "[No Variations]"
Add component (AddParameter): Name = "Width"; Value = "0.8 mm"; VariantName = "[No Variations]"
Add Component: Footprint Not Found SW_TL1015AF160QG
Added Component: Designator=U300(MP04A_M)
Add component (AddParameter): Name = "Code_IPC"; Value = "SOT223-4"; VariantName = "[No Variations]"
Add component (AddParameter): Name = "Code_JEDEC"; Value = "TO-261-AA"; VariantName = "[No Variations]"
Add component (AddParameter): Name = "ComponentLink1Description"; Value = "Manufacturer URL"; VariantName = "[No Variations]"
Add component (AddParameter): Name = "ComponentLink1URL"; Value = "http://www.national.com/"; VariantName = "[No Variations]"
Add component (AddParameter): Name = "ComponentLink2Description"; Value = "LM1117 Datasheet"; VariantName = "[No Variations]"
Add component (AddParameter): Name = "ComponentLink2URL"; Value = "http://www.national.com/ds/LM/LM1117.pdf"; VariantName = "[No Variations]"
Add component (AddParameter): Name = "ComponentLink3Description"; Value = "LM1117 Web Page"; VariantName = "[No Variations]"
Add component (AddParameter): Name = "ComponentLink3URL"; Value = "http://www.national.com/pf/LM/LM1117.html"; VariantName = "[No Variations]"
Add component (AddParameter): Name = "ComponentLink4Description"; Value = "MP04A Package Page"; VariantName = "[No Variations]"
Add component (AddParameter): Name = "ComponentLink4URL"; Value = "http://www.national.com/packaging/folders/mp04a.html"; VariantName = "[No Variations]"
Add component (AddParameter): Name = "CompType"; Value = "LDO IC"; VariantName = "[No Variations]"
Add component (AddParameter): Name = "DatasheetVersion"; Value = "Apr-2006"; VariantName = "[No Variations]"
Add component (AddParameter): Name = "High-Reliability"; Value = "Y"; VariantName = "[No Variations]"
Add component (AddParameter): Name = "Manufacturer"; Value = "National Semiconductor"; VariantName = "[No Variations]"
Add component (AddParameter): Name = "PackageDescription"; Value = "Molded SOT-223, 6.50 x 3.56 x 1.6mm Body, 4 Lead, 2.3mm Pitch"; VariantName = "[No Variations]"
Add component (AddParameter): Name = "PackageReference"; Value = "MP04A"; VariantName = "[No Variations]"
Add component (AddParameter): Name = "PackageTopMarking"; Value = "XYTT*N06B"; VariantName = "[No Variations]"
Add component (AddParameter): Name = "PackageVersion"; Value = "revB, Apr-2003"; VariantName = "[No Variations]"
Add component (AddParameter): Name = "PartNumber"; Value = "LM1117IMPX-5.0/NOPB"; VariantName = "[No Variations]"
Add component (AddParameter): Name = "PinCount"; Value = "4"; VariantName = "[No Variations]"
Add component (AddParameter): Name = "PowerWise"; Value = "N"; VariantName = "[No Variations]"
Add component (AddParameter): Name = "RevisionNote"; Value = "SCH symbol layout adjusted"; VariantName = "[No Variations]"
Add component (AddParameter): Name = "RoHS"; Value = "Y"; VariantName = "[No Variations]"
Added Component: Designator=U400(FP-32M1-A-IPC_C)
Add component (AddParameter): Name = "Case/Package"; Value = "VQFN"; VariantName = "[No Variations]"
Add component (AddParameter): Name = "Core Architecture"; Value = "PIC"; VariantName = "[No Variations]"
Add component (AddParameter): Name = "Frequency"; Value = "20MHz"; VariantName = "[No Variations]"
Add component (AddParameter): Name = "Interface"; Value = "I2C"; VariantName = "[No Variations]"
Add component (AddParameter): Name = "Max Operating Temperature"; Value = "125°C"; VariantName = "[No Variations]"
Add component (AddParameter): Name = "Memory Size"; Value = "3.5KB"; VariantName = "[No Variations]"
Add component (AddParameter): Name = "Memory Type"; Value = "FLASH"; VariantName = "[No Variations]"
Add component (AddParameter): Name = "Min Operating Temperature"; Value = "-40°C"; VariantName = "[No Variations]"
Add component (AddParameter): Name = "Number of I/Os"; Value = "24"; VariantName = "[No Variations]"
Add component (AddParameter): Name = "Oscillator Type"; Value = "Internal"; VariantName = "[No Variations]"
Add component (AddParameter): Name = "Packaging"; Value = "Rail/Tube"; VariantName = "[No Variations]"
Add component (AddParameter): Name = "Peripherals"; Value = "Brown-out Detect/Reset"; VariantName = "[No Variations]"
Added Component: Designator=U401(MURA-CSTCE_V-3_V)
Add component (AddParameter): Name = "ComponentLink1Description"; Value = "Manufacturer URL"; VariantName = "[No Variations]"
Add component (AddParameter): Name = "ComponentLink1URL"; Value = "http://www.murata.com/"; VariantName = "[No Variations]"
Add component (AddParameter): Name = "ComponentLink2Description"; Value = "Datasheet"; VariantName = "[No Variations]"
Add component (AddParameter): Name = "ComponentLink2URL"; Value = "http://www.murata.com/products/catalog/pdf/p16e.pdf"; VariantName = "[No Variations]"
Add component (AddParameter): Name = "DatasheetVersion"; Value = "Rev. P16E-22"; VariantName = "[No Variations]"
Add component (AddParameter): Name = "Initial Frequency Tolerance"; Value = "+/- 0.5%"; VariantName = "[No Variations]"
Add component (AddParameter): Name = "Initial Tolerance"; Value = "+/- 0.5%"; VariantName = "[No Variations]"
Add component (AddParameter): Name = "Load Capacity"; Value = "15 pF"; VariantName = "[No Variations]"
Add component (AddParameter): Name = "Manufacturer"; Value = "Murata"; VariantName = "[No Variations]"
Add component (AddParameter): Name = "Mounting Technology"; Value = "Surface Mount"; VariantName = "[No Variations]"
Add component (AddParameter): Name = "Operating Temperature Range"; Value = "-20 to 80 degC"; VariantName = "[No Variations]"
Add component (AddParameter): Name = "Oscillating Frequency"; Value = "16 MHz"; VariantName = "[No Variations]"
Add component (AddParameter): Name = "PackageDescription"; Value = "3-Pin SMD, Body 3.2 x 1.3 mm, Pitch 0.95 mm"; VariantName = "[No Variations]"
Add component (AddParameter): Name = "PackageReference"; Value = "CSTCE_V-3"; VariantName = "[No Variations]"
Add component (AddParameter): Name = "Packing"; Value = "Reel"; VariantName = "[No Variations]"
Add component (AddParameter): Name = "PartNumber"; Value = "CSTCE16M0V53-R0"; VariantName = "[No Variations]"
Add component (AddParameter): Name = "RoHS"; Value = "TRUE"; VariantName = "[No Variations]"
Added Pin To Net: NetName=+3V3 Pin=C?-1
Added Pin To Net: NetName=GND Pin=C?-2
Added Pin To Net: NetName=RESET Pin=C?-2
Added Pin To Net: NetName=5V Pin=D200-2
Added Pin To Net: NetName=5V Pin=D201-1
Added Pin To Net: NetName=5V Pin=D300-1
Added Pin To Net: NetName=VUBUS Pin=D300-2
Added Pin To Net: NetName=GND Pin=D301-1
Added Pin To Net: NetName=GND Pin=DS400-2
Added Pin To Net: NetName=VUBUS Pin=F100-1
Added Pin To Net: NetName=USB_DN Pin=J100-2
Added Pin To Net: NetName=USB_DP Pin=J100-3
Added Pin To Net: NetName=GND Pin=J100-5
Added Pin To Net: NetName=GND Pin=J100-6
Added Pin To Net: NetName=GND Pin=J100-7
Added Pin To Net: NetName=GND Pin=J100-8
Added Pin To Net: NetName=GND Pin=J100-9
Add Pin To Net: Unknown Pin: Pin S400-1
Add Pin To Net: Unknown Pin: Pin S400-2
Added Pin To Net: NetName=GND Pin=U300-1
Added Pin To Net: NetName=5V Pin=U300-2
Added Pin To Net: NetName=VIN Pin=U300-3
Added Pin To Net: NetName=5V Pin=U300-4
Added Pin To Net: NetName=PD3 Pin=U400-1
Added Pin To Net: NetName=PD4 Pin=U400-2
Added Pin To Net: NetName=GND Pin=U400-3
Added Pin To Net: NetName=5V Pin=U400-4
Added Pin To Net: NetName=GND Pin=U400-5
Added Pin To Net: NetName=5V Pin=U400-6
Added Pin To Net: NetName=PB5 Pin=U400-7
Added Pin To Net: NetName=PB7 Pin=U400-8
Added Pin To Net: NetName=PD5 Pin=U400-9
Added Pin To Net: NetName=PD6 Pin=U400-10
Added Pin To Net: NetName=PD7 Pin=U400-11
Added Pin To Net: NetName=PB0 Pin=U400-12
Added Pin To Net: NetName=PB1 Pin=U400-13
Added Pin To Net: NetName=PB2 Pin=U400-14
Added Pin To Net: NetName=PB3 Pin=U400-15
Added Pin To Net: NetName=PB4 Pin=U400-16
Added Pin To Net: NetName=PB5 Pin=U400-17
Added Pin To Net: NetName=5V Pin=U400-18
Added Pin To Net: NetName=PC6 Pin=U400-19
Added Pin To Net: NetName=AREF Pin=U400-20
Added Pin To Net: NetName=GND Pin=U400-21
Added Pin To Net: NetName=PC7 Pin=U400-22
Added Pin To Net: NetName=PC0 Pin=U400-23
Added Pin To Net: NetName=PC1 Pin=U400-24
Added Pin To Net: NetName=PC2 Pin=U400-25
Added Pin To Net: NetName=PC3 Pin=U400-26
Added Pin To Net: NetName=PC4 Pin=U400-27
Added Pin To Net: NetName=PC5 Pin=U400-28
Added Pin To Net: NetName=PD0 Pin=U400-30
Added Pin To Net: NetName=PD1 Pin=U400-31
Added Pin To Net: NetName=PD2 Pin=U400-32
Added Pin To Net: NetName=PB5 Pin=U401-1
Added Pin To Net: NetName=GND Pin=U401-2
Added Pin To Net: NetName=PB7 Pin=U401-3
Added Pin To Net: NetName=NetC?_1 Pin=C?-1
Added Pin To Net: NetName=NetC?_1 Pin=U200-2
Added Net: Name=NetC?_1
Added Pin To Net: NetName=NetD301_2 Pin=D301-2
Added Pin To Net: NetName=NetD301_2 Pin=R300-2
Added Net: Name=NetD301_2
Added Pin To Net: NetName=NetDS400_1 Pin=DS400-1
Added Pin To Net: NetName=NetDS400_1 Pin=R403-2
Added Net: Name=NetDS400_1
Added Pin To Net: NetName=NetF100_2 Pin=F100-2
Added Pin To Net: NetName=NetF100_2 Pin=J100-1
Added Net: Name=NetF100_2
Added Pin To Net: NetName=RP1_1 Pin=R200-1
Added Net: Name=RP1_1
Added Pin To Net: NetName=RP1_2 Pin=R200-2
Added Pin To Net: NetName=RP1_2 Pin=U200-23
Added Net: Name=RP1_2
Added Pin To Net: NetName=RP1_4 Pin=R200-4
Added Pin To Net: NetName=RP1_4 Pin=U200-22
Added Net: Name=RP1_4
Added Pin To Net: NetName=RP1_5 Pin=D201-2
Added Pin To Net: NetName=RP1_5 Pin=R200-5
Added Net: Name=RP1_5
Added Pin To Net: NetName=RP1_7 Pin=D200-1
Added Pin To Net: NetName=RP1_7 Pin=R200-7
Added Net: Name=RP1_7
Added Pin To Net: NetName=RP1_8 Pin=R200-8
Added Net: Name=RP1_8
Added Member To Class: ClassName=Uart Member=Component C? 0.1uF
Added Member To Class: ClassName=Uart Member=Component C? 0.1uF
Added Member To Class: ClassName=Uart Member=Component D200 KPT-2012SURCK
Added Member To Class: ClassName=Uart Member=Component D201 KPT-2012SGC
Added Member To Class: ClassName=Power Member=Component D300 SS14-E3/61T
Added Member To Class: ClassName=Power Member=Component D301 TLMP1100-GS08
Added Member To Class: ClassName=ATMEGA328P Member=Component D400 KPT-2012YC
Added Member To Class: ClassName=ATMEGA328P Member=Component DS400 TLMY1000-GS08
Added Member To Class: ClassName=USB_port Member=Component F100 MF-FSMF050X-2
Added Member To Class: ClassName=USB_port Member=Component J100 1734035-2
Added Member To Class: ClassName=Uart Member=Component R200 CAY16-102J4LF
Add Class Member: Failed to add class member : Component S400 TL1015AF160QG
Added Member To Class: ClassName=Power Member=Component U300 LM1117IMPX-5.0/NOPB
Added Member To Class: ClassName=ATMEGA328P Member=Component U400 ATMEGA328P-MUR
Added Member To Class: ClassName=ATMEGA328P Member=Component U401 CSTCE16M0V53-R0
