Added Component: Designator=J?(TSW-102-XX-X-S_STEP)
Add component (AddParameter): Name = "ComponentLink1Description"; Value = "Datasheet"; VariantName = "[No Variations]"
Add component (AddParameter): Name = "ComponentLink2Description"; Value = "Supplier Part Details"; VariantName = "[No Variations]"
Add component (AddParameter): Name = "ComponentLink2URL"; Value = "https://www.digikey.com/products/en?keywords=0473460001"; VariantName = "[No Variations]"
Add component (AddParameter): Name = "Created By"; Value = "randy"; VariantName = "[No Variations]"
Add component (AddParameter): Name = "Created_Date"; Value = "2024-03-30 20:04:58"; VariantName = "[No Variations]"
Add component (AddParameter): Name = "Current_Rating"; Value = "1A,1.8A"; VariantName = "[No Variations]"
Add component (AddParameter): Name = "ID"; Value = "30035"; VariantName = "[No Variations]"
Add component (AddParameter): Name = "Manufacturer"; Value = "Molex"; VariantName = "[No Variations]"
Add component (AddParameter): Name = "Manufacturer Part Description"; Value = "CONN RCPT USB2.0 MICRO B SMD R/A"; VariantName = "[No Variations]"
Add component (AddParameter): Name = "Manufacturer Part Number"; Value = "0473460001"; VariantName = "[No Variations]"
Add component (AddParameter): Name = "Part_Status"; Value = "New"; VariantName = "[No Variations]"
Add component (AddParameter): Name = "Part_Type"; Value = "Connector"; VariantName = "[No Variations]"
Add component (AddParameter): Name = "RoHS"; Value = "Yes"; VariantName = "[No Variations]"
Add component (AddParameter): Name = "Supplier 1"; Value = "DigiKey"; VariantName = "[No Variations]"
Add component (AddParameter): Name = "Supplier Part Number 1"; Value = "WM17141TR-ND"; VariantName = "[No Variations]"
Add component (AddParameter): Name = "Symbol Ref"; Value = "J-TSW-102-07-S-S"; VariantName = "[No Variations]"
Add component (AddParameter): Name = "Temperature Range"; Value = "-30C to +85C"; VariantName = "[No Variations]"
Add component (AddParameter): Name = "Updated By"; Value = "randy"; VariantName = "[No Variations]"
Add component (AddParameter): Name = "Updated_Date"; Value = "2024-03-30 20:13:29"; VariantName = "[No Variations]"
Add component (AddParameter): Name = "Value"; Value = "0473460001"; VariantName = "[No Variations]"
Add component (AddParameter): Name = "Voltage_Rating"; Value = "30VAC"; VariantName = "[No Variations]"
Added Class: Name=main
